c:\projetos\study\freecodeopengl\freecodeopengl\x64\debug\vc143.pdb
c:\projetos\study\freecodeopengl\freecodeopengl\x64\debug\vc143.idb
c:\projetos\study\freecodeopengl\freecodeopengl\x64\debug\vbo.obj
c:\projetos\study\freecodeopengl\freecodeopengl\x64\debug\vao.obj
c:\projetos\study\freecodeopengl\freecodeopengl\x64\debug\texture.obj
c:\projetos\study\freecodeopengl\freecodeopengl\x64\debug\stb.obj
c:\projetos\study\freecodeopengl\freecodeopengl\x64\debug\shader.obj
c:\projetos\study\freecodeopengl\freecodeopengl\x64\debug\model.obj
c:\projetos\study\freecodeopengl\freecodeopengl\x64\debug\mesh.obj
c:\projetos\study\freecodeopengl\freecodeopengl\x64\debug\main.obj
c:\projetos\study\freecodeopengl\freecodeopengl\x64\debug\ebo.obj
c:\projetos\study\freecodeopengl\freecodeopengl\x64\debug\camera.obj
c:\projetos\study\freecodeopengl\freecodeopengl\x64\debug\glad.obj
c:\projetos\study\freecodeopengl\x64\debug\freecodeopengl.exe
c:\projetos\study\freecodeopengl\x64\debug\freecodeopengl.pdb
c:\projetos\study\freecodeopengl\freecodeopengl\x64\debug\freecodeopengl.ilk
c:\projetos\study\freecodeopengl\freecodeopengl\x64\debug\freecodeopengl.tlog\cl.command.1.tlog
c:\projetos\study\freecodeopengl\freecodeopengl\x64\debug\freecodeopengl.tlog\cl.items.tlog
c:\projetos\study\freecodeopengl\freecodeopengl\x64\debug\freecodeopengl.tlog\cl.read.1.tlog
c:\projetos\study\freecodeopengl\freecodeopengl\x64\debug\freecodeopengl.tlog\cl.write.1.tlog
c:\projetos\study\freecodeopengl\freecodeopengl\x64\debug\freecodeopengl.tlog\link.command.1.tlog
c:\projetos\study\freecodeopengl\freecodeopengl\x64\debug\freecodeopengl.tlog\link.read.1.tlog
c:\projetos\study\freecodeopengl\freecodeopengl\x64\debug\freecodeopengl.tlog\link.secondary.1.tlog
c:\projetos\study\freecodeopengl\freecodeopengl\x64\debug\freecodeopengl.tlog\link.write.1.tlog
